<?xml version="1.0" encoding="UTF-8"?>
<!-- Generated by org.testng.reporters.JUnitXMLReporter -->
<testsuite ignored="2" hostname="joe" failures="2" tests="4" name="Test" time="9.084" errors="0" timestamp="2024-07-06T14:48:10 IST">
  <testcase classname="scripts.TC1" name="test1" time="0.014"/>
  <testcase classname="scripts.TC2" name="test2" time="0.02">
    <failure type="java.lang.AssertionError" message="null">
      <![CDATA[java.lang.AssertionError: null
at scripts.TC2.test2(TC2.java:14)
at java.base/java.util.ArrayList.forEach(ArrayList.java:1597)
... Removed 31 stack frames]]>
    </failure>
  </testcase> <!-- test2 -->
  <testcase classname="scripts.TC3" name="testLogin1" time="0.001"/>
  <testcase classname="scripts.TC3" name="testlogout2" time="0.001">
    <failure type="java.lang.AssertionError" message="null">
      <![CDATA[java.lang.AssertionError: null
at scripts.TC3.testlogout2(TC3.java:44)
at java.base/java.util.ArrayList.forEach(ArrayList.java:1597)
... Removed 31 stack frames]]>
    </failure>
  </testcase> <!-- testlogout2 -->
  <testcase classname="generic.BaseTest" name="@BeforeSuite createReport" time="0.0">
    <ignored/>
  </testcase> <!-- @BeforeSuite createReport -->
  <testcase classname="generic.BaseTest" name="@AfterSuite publishReport" time="0.0">
    <ignored/>
  </testcase> <!-- @AfterSuite publishReport -->
</testsuite> <!-- Test -->
