<?xml version="1.0" encoding="UTF-8"?>
<testng-results ignored="0" total="1" passed="1" failed="0" skipped="0">
  <reporter-output>
    <line>
      <![CDATA[Homepage is displayed]]>
    </line>
  </reporter-output>
  <suite started-at="2024-07-10T07:55:05 IST" name="Suite" finished-at="2024-07-10T07:55:11 IST" duration-ms="5550">
    <groups>
    </groups>
    <test started-at="2024-07-10T07:55:05 IST" name="Test" finished-at="2024-07-10T07:55:11 IST" duration-ms="5550">
      <class name="scripts.ValidLogin">
        <test-method is-config="true" signature="createReport()[pri:0, instance:scripts.ValidLogin@1bd4fdd]" started-at="2024-07-10T07:55:05 IST" name="createReport" finished-at="2024-07-10T07:55:05 IST" duration-ms="268" status="PASS">
          <reporter-output>
          </reporter-output>
        </test-method> <!-- createReport -->
        <test-method is-config="true" signature="preCondition(java.lang.reflect.Method)[pri:0, instance:scripts.ValidLogin@1bd4fdd]" started-at="2024-07-10T07:55:05 IST" name="preCondition" finished-at="2024-07-10T07:55:08 IST" duration-ms="2777" status="PASS">
          <params>
            <param index="0">
              <value>
                <![CDATA[public void scripts.ValidLogin.testValidLogin()]]>
              </value>
            </param>
          </params>
          <reporter-output>
          </reporter-output>
        </test-method> <!-- preCondition -->
        <test-method signature="testValidLogin()[pri:1, instance:scripts.ValidLogin@1bd4fdd]" started-at="2024-07-10T07:55:08 IST" name="testValidLogin" finished-at="2024-07-10T07:55:10 IST" duration-ms="2444" status="PASS">
          <reporter-output>
            <line>
              <![CDATA[Homepage is displayed]]>
            </line>
          </reporter-output>
        </test-method> <!-- testValidLogin -->
        <test-method is-config="true" signature="postCondition(org.testng.ITestResult)[pri:0, instance:scripts.ValidLogin@1bd4fdd]" started-at="2024-07-10T07:55:10 IST" name="postCondition" finished-at="2024-07-10T07:55:11 IST" duration-ms="283" status="PASS">
          <params>
            <param index="0">
              <value>
                <![CDATA[[TestResult name=testValidLogin status=SUCCESS method=ValidLogin.testValidLogin()[pri:1, instance:scripts.ValidLogin@1bd4fdd] output=Homepage is displayed]]]>
              </value>
            </param>
          </params>
          <reporter-output>
          </reporter-output>
        </test-method> <!-- postCondition -->
        <test-method is-config="true" signature="publishReport()[pri:0, instance:scripts.ValidLogin@1bd4fdd]" started-at="2024-07-10T07:55:11 IST" name="publishReport" finished-at="2024-07-10T07:55:11 IST" duration-ms="386" status="PASS">
          <reporter-output>
          </reporter-output>
        </test-method> <!-- publishReport -->
      </class> <!-- scripts.ValidLogin -->
    </test> <!-- Test -->
  </suite> <!-- Suite -->
</testng-results>
