<?xml version="1.0" encoding="UTF-8"?>
<testng-results ignored="0" total="1" passed="1" failed="0" skipped="0">
  <reporter-output>
  </reporter-output>
  <suite started-at="2024-07-09T08:33:07 IST" name="Default suite" finished-at="2024-07-09T08:33:12 IST" duration-ms="4375">
    <groups>
    </groups>
    <test started-at="2024-07-09T08:33:07 IST" name="Default test" finished-at="2024-07-09T08:33:12 IST" duration-ms="4375">
      <class name="scripts.TC1">
        <test-method is-config="true" signature="createReport()[pri:0, instance:scripts.TC1@6069db50]" started-at="2024-07-09T08:33:07 IST" name="createReport" finished-at="2024-07-09T08:33:07 IST" duration-ms="296" status="PASS">
          <reporter-output>
          </reporter-output>
        </test-method> <!-- createReport -->
        <test-method is-config="true" signature="preCondition(java.lang.reflect.Method)[pri:0, instance:scripts.TC1@6069db50]" started-at="2024-07-09T08:33:07 IST" name="preCondition" finished-at="2024-07-09T08:33:10 IST" duration-ms="2999" status="PASS">
          <params>
            <param index="0">
              <value>
                <![CDATA[public void scripts.TC1.test1()]]>
              </value>
            </param>
          </params>
          <reporter-output>
          </reporter-output>
        </test-method> <!-- preCondition -->
        <test-method signature="test1()[pri:0, instance:scripts.TC1@6069db50]" started-at="2024-07-09T08:33:10 IST" name="test1" finished-at="2024-07-09T08:33:12 IST" duration-ms="1191" status="PASS">
          <reporter-output>
          </reporter-output>
        </test-method> <!-- test1 -->
        <test-method is-config="true" signature="postCondition(org.testng.ITestResult)[pri:0, instance:scripts.TC1@6069db50]" started-at="2024-07-09T08:33:12 IST" name="postCondition" finished-at="2024-07-09T08:33:12 IST" duration-ms="154" status="PASS">
          <params>
            <param index="0">
              <value>
                <![CDATA[[TestResult name=test1 status=SUCCESS method=TC1.test1()[pri:0, instance:scripts.TC1@6069db50] output={null}]]]>
              </value>
            </param>
          </params>
          <reporter-output>
          </reporter-output>
        </test-method> <!-- postCondition -->
        <test-method is-config="true" signature="publishReport()[pri:0, instance:scripts.TC1@6069db50]" started-at="2024-07-09T08:33:12 IST" name="publishReport" finished-at="2024-07-09T08:33:12 IST" duration-ms="254" status="PASS">
          <reporter-output>
          </reporter-output>
        </test-method> <!-- publishReport -->
      </class> <!-- scripts.TC1 -->
    </test> <!-- Default test -->
  </suite> <!-- Default suite -->
</testng-results>
